2024-09-29T09:14:47.523Z [INFO]: Executing (default): SELECT 1+1 AS result
2024-09-29T09:14:47.906Z [INFO]: postgresDB Connected....
2024-09-29T09:14:47.906Z [INFO]: Database connected successfully.
2024-09-29T14:26:00.203Z [INFO]: Executing (default): SELECT 1+1 AS result
2024-09-29T14:26:00.489Z [INFO]: postgresDB Connected....
2024-09-29T14:26:00.490Z [INFO]: Database connected successfully.
2024-09-29T14:28:15.565Z [INFO]: Executing (default): SELECT 1+1 AS result
2024-09-29T14:28:15.854Z [INFO]: postgresDB Connected....
2024-09-29T14:28:15.855Z [INFO]: Database connected successfully.
2024-09-29T14:28:39.330Z [INFO]: Executing (default): SELECT "id", "CompoundName", "CompounrDescription", "strImageSource", "strImageAttribution", "createdAt", "updatedAt" FROM "compounds" AS "compounds";
2024-09-29T14:29:12.802Z [INFO]: Executing (default): SELECT "id", "CompoundName", "CompounrDescription", "strImageSource", "strImageAttribution", "createdAt", "updatedAt" FROM "compounds" AS "compounds";
2024-09-29T14:31:03.646Z [INFO]: Executing (default): SELECT 1+1 AS result
2024-09-29T14:31:03.929Z [INFO]: postgresDB Connected....
2024-09-29T14:31:03.929Z [INFO]: Database connected successfully.
2024-09-29T14:31:18.551Z [INFO]: Executing (default): SELECT "id", "CompoundName", "CompounrDescription", "strImageSource", "strImageAttribution", "createdAt", "updatedAt" FROM "compounds" AS "compounds" WHERE "compounds"."id" = ':id';
2024-09-29T14:31:51.526Z [INFO]: Executing (default): SELECT "id", "CompoundName", "CompounrDescription", "strImageSource", "strImageAttribution", "createdAt", "updatedAt" FROM "compounds" AS "compounds" WHERE "compounds"."id" = '1';
2024-09-29T14:36:57.796Z [INFO]: Executing (default): SELECT 1+1 AS result
2024-09-29T14:36:58.067Z [INFO]: postgresDB Connected....
2024-09-29T14:36:58.067Z [INFO]: Database connected successfully.
2024-09-29T14:42:02.472Z [INFO]: Executing (default): SELECT 1+1 AS result
2024-09-29T14:42:02.753Z [INFO]: postgresDB Connected....
2024-09-29T14:42:02.753Z [INFO]: Database connected successfully.
2024-09-29T14:42:10.795Z [INFO]: Executing (default): SELECT "id", "CompoundName", "CompounrDescription", "strImageSource", "strImageAttribution", "createdAt", "updatedAt" FROM "compounds" AS "compounds" WHERE "compounds"."id" = ':id';
2024-09-29T14:42:27.617Z [INFO]: Executing (default): SELECT "id", "CompoundName", "CompounrDescription", "strImageSource", "strImageAttribution", "createdAt", "updatedAt" FROM "compounds" AS "compounds" WHERE "compounds"."id" = ':id';
2024-09-29T15:11:52.843Z [INFO]: Executing (default): SELECT 1+1 AS result
2024-09-29T15:11:53.127Z [INFO]: postgresDB Connected....
2024-09-29T15:11:53.127Z [INFO]: Database connected successfully.
2024-09-29T15:15:25.232Z [INFO]: Executing (default): SELECT 1+1 AS result
2024-09-29T15:15:25.533Z [INFO]: postgresDB Connected....
2024-09-29T15:15:25.534Z [INFO]: Database connected successfully.
2024-09-29T15:16:23.062Z [INFO]: Executing (default): SELECT 1+1 AS result
2024-09-29T15:16:23.335Z [INFO]: postgresDB Connected....
2024-09-29T15:16:23.335Z [INFO]: Database connected successfully.
2024-09-29T15:18:02.437Z [INFO]: Executing (default): SELECT 1+1 AS result
2024-09-29T15:18:02.709Z [INFO]: postgresDB Connected....
2024-09-29T15:18:02.710Z [INFO]: Database connected successfully.
2024-09-29T15:20:01.950Z [INFO]: Executing (default): SELECT 1+1 AS result
2024-09-29T15:20:02.239Z [INFO]: postgresDB Connected....
2024-09-29T15:20:02.239Z [INFO]: Database connected successfully.
2024-09-29T15:20:39.872Z [INFO]: Executing (default): INSERT INTO "compounds" ("id","CompoundName","CompounrDescription","strImageSource","strImageAttribution","createdAt","updatedAt") VALUES (DEFAULT,$1,$2,$3,$4,$5,$6) RETURNING "id","CompoundName","CompounrDescription","strImageSource","strImageAttribution","createdAt","updatedAt";
2024-09-29T15:21:22.335Z [INFO]: Executing (default): SELECT "id", "CompoundName", "CompounrDescription", "strImageSource", "strImageAttribution", "createdAt", "updatedAt" FROM "compounds" AS "compounds" WHERE "compounds"."id" = '4';
2024-09-29T15:22:07.351Z [INFO]: Executing (default): SELECT 1+1 AS result
2024-09-29T15:22:07.635Z [INFO]: postgresDB Connected....
2024-09-29T15:22:07.635Z [INFO]: Database connected successfully.
2024-09-29T15:22:16.068Z [INFO]: Executing (default): SELECT "id", "CompoundName", "CompounrDescription", "strImageSource", "strImageAttribution", "createdAt", "updatedAt" FROM "compounds" AS "compounds" WHERE "compounds"."id" = '4';
2024-09-29T15:24:48.983Z [INFO]: Executing (default): SELECT 1+1 AS result
2024-09-29T15:24:49.268Z [INFO]: postgresDB Connected....
2024-09-29T15:24:49.268Z [INFO]: Database connected successfully.
2024-09-29T15:25:26.460Z [INFO]: Executing (default): SELECT "id", "CompoundName", "CompounrDescription", "strImageSource", "strImageAttribution", "createdAt", "updatedAt" FROM "compounds" AS "compounds" LIMIT 2 OFFSET 0;
2024-09-29T15:25:49.952Z [INFO]: Executing (default): SELECT 1+1 AS result
2024-09-29T15:25:50.243Z [INFO]: postgresDB Connected....
2024-09-29T15:25:50.243Z [INFO]: Database connected successfully.
2024-09-29T15:25:53.559Z [INFO]: Executing (default): SELECT "id", "CompoundName", "CompounrDescription", "strImageSource", "strImageAttribution", "createdAt", "updatedAt" FROM "compounds" AS "compounds" LIMIT 2 OFFSET 0;
2024-09-29T15:25:53.865Z [INFO]: Executing (default): SELECT count(*) AS "count" FROM "compounds" AS "compounds";
2024-09-29T15:26:50.600Z [INFO]: Executing (default): SELECT 1+1 AS result
2024-09-29T15:26:50.891Z [INFO]: postgresDB Connected....
2024-09-29T15:26:50.891Z [INFO]: Database connected successfully.
2024-09-29T15:26:56.953Z [INFO]: Executing (default): SELECT "id", "CompoundName", "CompounrDescription", "strImageSource", "strImageAttribution", "createdAt", "updatedAt" FROM "compounds" AS "compounds" LIMIT 2 OFFSET 2;
2024-09-29T15:26:57.247Z [INFO]: Executing (default): SELECT count(*) AS "count" FROM "compounds" AS "compounds";
2024-09-29T15:27:03.841Z [INFO]: Executing (default): SELECT "id", "CompoundName", "CompounrDescription", "strImageSource", "strImageAttribution", "createdAt", "updatedAt" FROM "compounds" AS "compounds" LIMIT 2 OFFSET 0;
2024-09-29T15:27:04.140Z [INFO]: Executing (default): SELECT count(*) AS "count" FROM "compounds" AS "compounds";
2024-09-29T15:27:10.712Z [INFO]: Executing (default): SELECT "id", "CompoundName", "CompounrDescription", "strImageSource", "strImageAttribution", "createdAt", "updatedAt" FROM "compounds" AS "compounds" LIMIT NaN OFFSET 0;
2024-09-29T15:28:06.760Z [INFO]: Executing (default): SELECT 1+1 AS result
2024-09-29T15:28:07.043Z [INFO]: postgresDB Connected....
2024-09-29T15:28:07.044Z [INFO]: Database connected successfully.
2024-09-29T15:28:11.143Z [INFO]: Executing (default): SELECT "id", "CompoundName", "CompounrDescription", "strImageSource", "strImageAttribution", "createdAt", "updatedAt" FROM "compounds" AS "compounds" LIMIT 5 OFFSET 0;
2024-09-29T15:28:11.438Z [INFO]: Executing (default): SELECT count(*) AS "count" FROM "compounds" AS "compounds";
2024-09-29T15:28:24.613Z [INFO]: Executing (default): SELECT "id", "CompoundName", "CompounrDescription", "strImageSource", "strImageAttribution", "createdAt", "updatedAt" FROM "compounds" AS "compounds" LIMIT 3 OFFSET 0;
2024-09-29T15:28:24.924Z [INFO]: Executing (default): SELECT count(*) AS "count" FROM "compounds" AS "compounds";
2024-09-30T03:29:15.477Z [INFO]: Executing (default): SELECT 1+1 AS result
2024-09-30T03:29:15.753Z [INFO]: postgresDB Connected....
2024-09-30T03:29:15.753Z [INFO]: Database connected successfully.
2024-09-30T03:50:32.807Z [INFO]: Executing (default): SELECT "id", "CompoundName", "CompounrDescription", "strImageSource", "strImageAttribution", "createdAt", "updatedAt" FROM "compounds" AS "compounds" LIMIT 3 OFFSET 0;
2024-09-30T03:50:33.093Z [INFO]: Executing (default): SELECT count(*) AS "count" FROM "compounds" AS "compounds";
2024-09-30T03:55:53.616Z [INFO]: Executing (default): SELECT 1+1 AS result
2024-09-30T03:55:53.894Z [INFO]: postgresDB Connected....
2024-09-30T03:55:53.894Z [INFO]: Database connected successfully.
2024-09-30T07:00:58.937Z [INFO]: Executing (default): SELECT "id", "CompoundName", "CompounrDescription", "strImageSource", "strImageAttribution", "createdAt", "updatedAt" FROM "compounds" AS "compounds" LIMIT 5 OFFSET 0;
2024-09-30T07:00:59.177Z [INFO]: Executing (default): SELECT count(*) AS "count" FROM "compounds" AS "compounds";
